<?xml version="1.0" encoding="UTF-8"?>
<!-- Generated by org.testng.reporters.JUnitReportReporter -->
<testsuite hostname="5CG1265RFB" failures="0" tests="1" name="Academy.E2EProject.HomePage" time="2.335" errors="0" timestamp="2021-11-24T14:58:35 IST" skipped="0">
  <testcase classname="Academy.E2EProject.HomePage" name="basePageNavigation" time="2.335"/>
  <system-out/>
</testsuite> <!-- Academy.E2EProject.HomePage -->
