<?xml version="1.0" encoding="UTF-8"?>
<!-- Generated by org.testng.reporters.JUnitReportReporter -->
<testsuite hostname="5CG1265RFB" failures="0" tests="1" name="Academy.E2EProject.ValidatenavBar" time="0.119" errors="0" timestamp="2021-11-24T14:58:35 IST" skipped="0">
  <testcase classname="Academy.E2EProject.ValidatenavBar" name="validateAppNavBar" time="0.119"/>
  <system-out/>
</testsuite> <!-- Academy.E2EProject.ValidatenavBar -->
