<?xml version="1.0" encoding="UTF-8"?>
<!-- Generated by org.testng.reporters.JUnitReportReporter -->
<testsuite hostname="5CG1265RFB" failures="0" tests="1" name="Academy.E2EProject.HomePage" time="3.003" errors="0" timestamp="24 Nov 2021 09:50:43 GMT">
  <testcase classname="Academy.E2EProject.HomePage" name="basePageNavigation" time="3.003"/>
</testsuite> <!-- Academy.E2EProject.HomePage -->
